**
(main.tex
LaTeX2e <2021-11-15> patch level 1
L3 programming layer <2022-02-24> (article.cls
Document Class: article 2021/10/04 v1.4n Standard LaTeX document class
(size12.clo
File: size12.clo 2021/10/04 v1.4n Standard LaTeX file (size option)
)
\c@part=\count181
\c@section=\count182
\c@subsection=\count183
\c@subsubsection=\count184
\c@paragraph=\count185
\c@subparagraph=\count186
\c@figure=\count187
\c@table=\count188
\abovecaptionskip=\skip47
\belowcaptionskip=\skip48
\bibindent=\dimen138
) (fontenc.sty
Package: fontenc 2021/04/29 v2.0v Standard LaTeX package
LaTeX Font Info:    Trying to load font information for T1+lmr on input line 11
2.
 (t1lmr.fd
File: t1lmr.fd 2015/05/01 v1.6.1 Font defs for Latin Modern
)) (inputenc.sty
Package: inputenc 2021/02/14 v1.3d Input encoding file
\inpenc@prehook=\toks16
\inpenc@posthook=\toks17


Package inputenc Warning: inputenc package ignored with utf8 based engines.

) (newtxtext.sty
Package: newtxtext 2022/02/28 v1.71(Michael Sharpe) latex and unicode latex sup
port for TeXGyreTermesX

`newtxtext' v1.71, 2022/02/28 Text macros taking advantage of TeXGyre Termes an
d its extensions (msharpe) (iftex.sty
Package: iftex 2022/02/03 v1.0f TeX engine tests
) (xkeyval.sty
Package: xkeyval 2020/11/20 v2.8 package option processing (HA)
 (xkeyval (xkvutils
\XKV@toks=\toks18
\XKV@tempa@toks=\toks19
 (keyval))
\XKV@depth=\count189
File: xkeyval.tex 2014/12/03 v2.7a key=value parser (HA)
)) (etoolbox.sty
Package: etoolbox 2020/10/05 v2.5k e-TeX tools for LaTeX (JAW)
\etb@tempcnta=\count190
) (textcomp.sty
Package: textcomp 2020/02/02 v2.0n Standard LaTeX package
) (xstring.sty (xstring.tex
\integerpart=\count191
\decimalpart=\count192
)
Package: xstring 2021/07/21 v1.84 String manipulations (CT)
) (ifthen.sty
Package: ifthen 2020/11/24 v1.1c Standard LaTeX ifthen package (DPC)
)
(scalefnt.sty)
LaTeX Font Info:    Setting ntxLF sub-encoding to TS1/0 on input line 21.
LaTeX Font Info:    Setting ntxTLF sub-encoding to TS1/0 on input line 21.
LaTeX Font Info:    Setting ntxOsF sub-encoding to TS1/0 on input line 21.
LaTeX Font Info:    Setting ntxTOsF sub-encoding to TS1/0 on input line 21.
 (binhex)
\ntx@tmpcnta=\count193
\ntx@cnt=\count194

ntx@otftexttrue
(fontspec.sty (xparse.sty (expl3.sty
Package: expl3 2022-02-24 L3 programming layer (loader) 
 (l3backend-xetex.def
File: l3backend-xetex.def 2022-02-07 L3 backend support: XeTeX
\c__kernel_sys_dvipdfmx_version_int=\count195
\l__color_backend_stack_int=\count196
\g__color_backend_stack_int=\count197
\g__graphics_track_int=\count198
\l__pdf_internal_box=\box50
\g__pdf_backend_object_int=\count199
\g__pdf_backend_annotation_int=\count266
\g__pdf_backend_link_int=\count267
))
Package: xparse 2022-01-12 L3 Experimental document command parser
)
Package: fontspec 2022/01/15 v2.8a Font selection for XeLaTeX and LuaLaTeX

(fontspec-xetex.sty
Package: fontspec-xetex 2022/01/15 v2.8a Font selection for XeLaTeX and LuaLaTe
X
\l__fontspec_script_int=\count268
\l__fontspec_language_int=\count269
\l__fontspec_strnum_int=\count270
\l__fontspec_tmp_int=\count271
\l__fontspec_tmpa_int=\count272
\l__fontspec_tmpb_int=\count273
\l__fontspec_tmpc_int=\count274
\l__fontspec_em_int=\count275
\l__fontspec_emdef_int=\count276
\l__fontspec_strong_int=\count277
\l__fontspec_strongdef_int=\count278
\l__fontspec_tmpa_dim=\dimen139
\l__fontspec_tmpb_dim=\dimen140
\l__fontspec_tmpc_dim=\dimen141
 (fontenc.sty
Package: fontenc 2021/04/29 v2.0v Standard LaTeX package
) (fontspec.cfg)))
LaTeX Info: Redefining \oldstylenums on input line 479.
LaTeX Info: Redefining \liningnums on input line 483.
 (realscripts.sty
Package: realscripts 2016/02/13 v0.3d Access OpenType subscripts and superscrip
ts
\subsupersep=\dimen142
))
(newtxmath.sty
Package: newtxmath 2022/01/16 v1.71

`newtxmath' v1.71, 2022/01/16 Math macros based originally on txfonts (msharpe)
(amsmath.sty
Package: amsmath 2021/10/15 v2.17l AMS math features
\@mathmargin=\skip49

For additional information on amsmath, use the `?' option.
(amstext.sty
Package: amstext 2021/08/26 v2.01 AMS text
 (amsgen.sty
File: amsgen.sty 1999/11/30 v2.0 generic functions
\@emptytoks=\toks20
\ex@=\dimen143
)) (amsbsy.sty
Package: amsbsy 1999/11/29 v1.2d Bold Symbols
\pmbraise@=\dimen144
) (amsopn.sty
Package: amsopn 2021/08/26 v2.02 operator names
)
\inf@bad=\count279
LaTeX Info: Redefining \frac on input line 234.
\uproot@=\count280
\leftroot@=\count281
LaTeX Info: Redefining \overline on input line 399.
\classnum@=\count282
\DOTSCASE@=\count283
LaTeX Info: Redefining \ldots on input line 496.
LaTeX Info: Redefining \dots on input line 499.
LaTeX Info: Redefining \cdots on input line 620.
\Mathstrutbox@=\box51
\strutbox@=\box52
\big@size=\dimen145
LaTeX Font Info:    Redeclaring font encoding OML on input line 743.
LaTeX Font Info:    Redeclaring font encoding OMS on input line 744.
\macc@depth=\count284
\c@MaxMatrixCols=\count285
\dotsspace@=\muskip16
\c@parentequation=\count286
\dspbrk@lvl=\count287
\tag@help=\toks21
\row@=\count288
\column@=\count289
\maxfields@=\count290
\andhelp@=\toks22
\eqnshift@=\dimen146
\alignsep@=\dimen147
\tagshift@=\dimen148
\tagwidth@=\dimen149
\totwidth@=\dimen150
\lineht@=\dimen151
\@envbody=\toks23
\multlinegap=\skip50
\multlinetaggap=\skip51
\mathdisplay@stack=\toks24
LaTeX Info: Redefining \[ on input line 2938.
LaTeX Info: Redefining \] on input line 2939.
) (ifxetex.sty
Package: ifxetex 2019/10/25 v0.7 ifxetex legacy package. Use iftex instead.
)
(ifluatex.sty
Package: ifluatex 2019/10/25 v1.5 ifluatex legacy package. Use iftex instead.
) (centernot.sty
Package: centernot 2016/05/16 v1.4 Centers the not symbol horizontally (HO)
)
\tx@cntz=\count291
 (binhex)
\tx@Isdigit=\count292
\tx@IsAlNum=\count293
\tx@tA=\toks25
\tx@tB=\toks26
\tx@su=\read2

amsthm NOT loaded
LaTeX Font Info:    Redeclaring symbol font `operators' on input line 376.
LaTeX Font Info:    Overwriting symbol font `operators' in version `normal'
(Font)                  OT1/cmr/m/n --> OT1/minntx/m/n on input line 376.
LaTeX Font Info:    Overwriting symbol font `operators' in version `bold'
(Font)                  OT1/cmr/bx/n --> OT1/minntx/m/n on input line 376.
LaTeX Font Info:    Overwriting symbol font `operators' in version `bold'
(Font)                  OT1/minntx/m/n --> OT1/minntx/b/n on input line 377.
LaTeX Font Info:    Redeclaring math alphabet \mathsf on input line 383.
LaTeX Font Info:    Overwriting math alphabet `\mathsf' in version `normal'
(Font)                  OT1/cmss/m/n --> TU/lmss/m/n on input line 383.
LaTeX Font Info:    Overwriting math alphabet `\mathsf' in version `bold'
(Font)                  OT1/cmss/bx/n --> TU/lmss/m/n on input line 383.
LaTeX Font Info:    Redeclaring math alphabet \mathit on input line 384.
LaTeX Font Info:    Overwriting math alphabet `\mathit' in version `normal'
(Font)                  OT1/cmr/m/it --> OT1/minntx/m/it on input line 384.
LaTeX Font Info:    Overwriting math alphabet `\mathit' in version `bold'
(Font)                  OT1/cmr/bx/it --> OT1/minntx/m/it on input line 384.
LaTeX Font Info:    Redeclaring math alphabet \mathtt on input line 385.
LaTeX Font Info:    Overwriting math alphabet `\mathtt' in version `normal'
(Font)                  OT1/cmtt/m/n --> TU/lmtt/m/n on input line 385.
LaTeX Font Info:    Overwriting math alphabet `\mathtt' in version `bold'
(Font)                  OT1/cmtt/m/n --> TU/lmtt/m/n on input line 385.
LaTeX Font Info:    Redeclaring math alphabet \mathbf on input line 387.
LaTeX Font Info:    Overwriting math alphabet `\mathbf' in version `normal'
(Font)                  OT1/cmr/bx/n --> OT1/minntx/b/n on input line 387.
LaTeX Font Info:    Overwriting math alphabet `\mathbf' in version `bold'
(Font)                  OT1/cmr/bx/n --> OT1/minntx/b/n on input line 387.
LaTeX Font Info:    Overwriting math alphabet `\mathit' in version `bold'
(Font)                  OT1/minntx/m/it --> OT1/minntx/b/it on input line 388.
LaTeX Font Info:    Overwriting math alphabet `\mathsf' in version `bold'
(Font)                  TU/lmss/m/n --> TU/lmss/b/n on input line 389.
LaTeX Font Info:    Overwriting math alphabet `\mathtt' in version `bold'
(Font)                  TU/lmtt/m/n --> TU/lmtt/b/n on input line 390.
LaTeX Font Info:    Redeclaring symbol font `letters' on input line 491.
LaTeX Font Info:    Overwriting symbol font `letters' in version `normal'
(Font)                  OML/cmm/m/it --> OML/ntxmi/m/it on input line 491.
LaTeX Font Info:    Overwriting symbol font `letters' in version `bold'
(Font)                  OML/cmm/b/it --> OML/ntxmi/m/it on input line 491.
LaTeX Font Info:    Overwriting symbol font `letters' in version `bold'
(Font)                  OML/ntxmi/m/it --> OML/ntxmi/b/it on input line 492.
\symlettersA=\mathgroup4
LaTeX Font Info:    Overwriting symbol font `lettersA' in version `bold'
(Font)                  U/ntxmia/m/it --> U/ntxmia/b/it on input line 547.
LaTeX Font Info:    Redeclaring symbol font `symbols' on input line 568.
LaTeX Font Info:    Encoding `OMS' has changed to `LMS' for symbol font
(Font)              `symbols' in the math version `normal' on input line 568.
LaTeX Font Info:    Overwriting symbol font `symbols' in version `normal'
(Font)                  OMS/cmsy/m/n --> LMS/ntxsy/m/n on input line 568.
LaTeX Font Info:    Encoding `OMS' has changed to `LMS' for symbol font
(Font)              `symbols' in the math version `bold' on input line 568.
LaTeX Font Info:    Overwriting symbol font `symbols' in version `bold'
(Font)                  OMS/cmsy/b/n --> LMS/ntxsy/m/n on input line 568.
LaTeX Font Info:    Overwriting symbol font `symbols' in version `bold'
(Font)                  LMS/ntxsy/m/n --> LMS/ntxsy/b/n on input line 569.
\symAMSm=\mathgroup5
LaTeX Font Info:    Overwriting symbol font `AMSm' in version `bold'
(Font)                  U/ntxsym/m/n --> U/ntxsym/b/n on input line 594.
\symsymbolsC=\mathgroup6
LaTeX Font Info:    Overwriting symbol font `symbolsC' in version `bold'
(Font)                  U/ntxsyc/m/n --> U/ntxsyc/b/n on input line 615.
LaTeX Font Info:    Redeclaring symbol font `largesymbols' on input line 628.
LaTeX Font Info:    Encoding `OMX' has changed to `LMX' for symbol font
(Font)              `largesymbols' in the math version `normal' on input line 6
28.
LaTeX Font Info:    Overwriting symbol font `largesymbols' in version `normal'
(Font)                  OMX/cmex/m/n --> LMX/ntxexx/m/n on input line 628.
LaTeX Font Info:    Encoding `OMX' has changed to `LMX' for symbol font
(Font)              `largesymbols' in the math version `bold' on input line 628
.
LaTeX Font Info:    Overwriting symbol font `largesymbols' in version `bold'
(Font)                  OMX/cmex/m/n --> LMX/ntxexx/m/n on input line 628.
LaTeX Font Info:    Overwriting symbol font `largesymbols' in version `bold'
(Font)                  LMX/ntxexx/m/n --> LMX/ntxexx/b/n on input line 629.
\symlargesymbolsTXA=\mathgroup7
LaTeX Font Info:    Overwriting symbol font `largesymbolsTXA' in version `bold'

(Font)                  U/ntxexa/m/n --> U/ntxexa/b/n on input line 643.
\tx@sbptoks=\toks27
LaTeX Font Info:    Redeclaring math delimiter \lfloor on input line 866.
LaTeX Font Info:    Redeclaring math delimiter \rfloor on input line 867.
LaTeX Font Info:    Redeclaring math delimiter \lceil on input line 868.
LaTeX Font Info:    Redeclaring math delimiter \rceil on input line 869.
LaTeX Font Info:    Redeclaring math delimiter \lbrace on input line 870.
LaTeX Font Info:    Redeclaring math delimiter \rbrace on input line 871.
LaTeX Font Info:    Redeclaring math delimiter \langle on input line 872.
LaTeX Font Info:    Redeclaring math delimiter \rangle on input line 874.
LaTeX Font Info:    Redeclaring math delimiter \arrowvert on input line 878.
LaTeX Font Info:    Redeclaring math delimiter \vert on input line 879.
LaTeX Font Info:    Redeclaring math symbol \hbar on input line 925.
LaTeX Font Info:    Redeclaring math accent \dot on input line 950.
LaTeX Font Info:    Redeclaring math accent \ddot on input line 951.
LaTeX Font Info:    Redeclaring math accent \vec on input line 2020.
LaTeX Info: Redefining \Bbbk on input line 2810.
LaTeX Info: Redefining \not on input line 2959.
) (microtype.sty
Package: microtype 2022/03/14 v3.0d Micro-typographical refinements (RS)
\MT@toks=\toks28
\MT@tempbox=\box53
\MT@count=\count294
LaTeX Info: Redefining \noprotrusionifhmode on input line 1027.
LaTeX Info: Redefining \leftprotrusion on input line 1028.
LaTeX Info: Redefining \rightprotrusion on input line 1036.
LaTeX Info: Redefining \textls on input line 1195.
\MT@outer@kern=\dimen152
LaTeX Info: Redefining \textmicrotypecontext on input line 1781.
\MT@listname@count=\count295
 (microtype-xetex.def
File: microtype-xetex.def 2022/03/14 v3.0d Definitions specific to xetex (RS)
LaTeX Info: Redefining \lsstyle on input line 236.
)
Package microtype Info: Loading configuration file microtype.cfg.
 (microtype.cfg
File: microtype.cfg 2022/03/14 v3.0d microtype main configuration file (RS)
)) (geometry.sty
Package: geometry 2020/01/02 v5.9 Page Geometry

(ifvtex.sty
Package: ifvtex 2019/10/25 v1.7 ifvtex legacy package. Use iftex instead.
)
\Gm@cnth=\count296
\Gm@cntv=\count297
\c@Gm@tempcnt=\count298
\Gm@bindingoffset=\dimen153
\Gm@wd@mp=\dimen154
\Gm@odd@mp=\dimen155
\Gm@even@mp=\dimen156
\Gm@layoutwidth=\dimen157
\Gm@layoutheight=\dimen158
\Gm@layouthoffset=\dimen159
\Gm@layoutvoffset=\dimen160
\Gm@dimlist=\toks29
) (setspace.sty
Package: setspace 2011/12/19 v6.7a set line spacing
) (mathtools.sty
Package: mathtools 2022/02/07 v1.28a mathematical typesetting tools
 (calc.sty
Package: calc 2017/05/25 v4.3 Infix arithmetic (KKT,FJ)
\calc@Acount=\count299
\calc@Bcount=\count300
\calc@Adimen=\dimen161
\calc@Bdimen=\dimen162
\calc@Askip=\skip52
\calc@Bskip=\skip53
LaTeX Info: Redefining \setlength on input line 80.
LaTeX Info: Redefining \addtolength on input line 81.
\calc@Ccount=\count301
\calc@Cskip=\skip54
) (mhsetup.sty
Package: mhsetup 2021/03/18 v1.4 programming setup (MH)
)
\g_MT_multlinerow_int=\count302
\l_MT_multwidth_dim=\dimen163
\origjot=\skip55
\l_MT_shortvdotswithinadjustabove_dim=\dimen164
\l_MT_shortvdotswithinadjustbelow_dim=\dimen165
\l_MT_above_intertext_sep=\dimen166
\l_MT_below_intertext_sep=\dimen167
\l_MT_above_shortintertext_sep=\dimen168
\l_MT_below_shortintertext_sep=\dimen169
\xmathstrut@box=\box54
\xmathstrut@dim=\dimen170
)
(siunitx.sty
Package: siunitx 2022-02-15 v3.0.49 A comprehensive (SI) units package
\l__siunitx_angle_tmp_dim=\dimen171
\l__siunitx_angle_marker_box=\box55
\l__siunitx_angle_unit_box=\box56
\l__siunitx_compound_count_int=\count303
 (translations.sty
Package: translations 2022/02/05 v1.12 internationalization of LaTeX2e packages
 (CN)
 (pdftexcmds.sty
Package: pdftexcmds 2020-06-27 v0.33 Utility functions of pdfTeX for LuaTeX (HO
)
 (infwarerr.sty
Package: infwarerr 2019/12/03 v1.5 Providing info/warning/error messages (HO)
) (ltxcmds.sty
Package: ltxcmds 2020-05-10 v1.25 LaTeX kernel commands for general use (HO)
)
Package pdftexcmds Info: \pdf@primitive is available.
Package pdftexcmds Info: \pdf@ifprimitive is available.
Package pdftexcmds Info: \pdfdraftmode not found.
))
\l__siunitx_number_exponent_fixed_int=\count304
\l__siunitx_number_min_decimal_int=\count305
\l__siunitx_number_min_integer_int=\count306
\l__siunitx_number_round_precision_int=\count307
\l__siunitx_number_group_minimum_int=\count308
\l__siunitx_table_tmp_box=\box57
\l__siunitx_table_tmp_dim=\dimen172
\l__siunitx_table_column_width_dim=\dimen173
\l__siunitx_table_integer_box=\box58
\l__siunitx_table_decimal_box=\box59
\l__siunitx_table_before_box=\box60
\l__siunitx_table_after_box=\box61
\l__siunitx_table_before_dim=\dimen174
\l__siunitx_table_carry_dim=\dimen175
\l__siunitx_unit_tmp_int=\count309
\l__siunitx_unit_position_int=\count310
\l__siunitx_unit_total_int=\count311

(l3keys2e.sty
Package: l3keys2e 2022-01-12 LaTeX2e option processing using LaTeX3 keys
) (array.sty
Package: array 2021/10/04 v2.5f Tabular extension package (FMi)
\col@sep=\dimen176
\ar@mcellbox=\box62
\extrarowheight=\dimen177
\NC@list=\toks30
\extratabsurround=\skip56
\backup@length=\skip57
\ar@cellbox=\box63
)) (graphicx.sty
Package: graphicx 2021/09/16 v1.2d Enhanced LaTeX Graphics (DPC,SPQR)
 (graphics.sty
Package: graphics 2021/03/04 v1.4d Standard LaTeX Graphics (DPC,SPQR)
 (trig.sty
Package: trig 2021/08/11 v1.11 sin cos tan (DPC)
)
(graphics.cfg
File: graphics.cfg 2016/06/04 v1.11 sample graphics configuration
)
Package graphics Info: Driver file: xetex.def on input line 107.
 (xetex.def
File: xetex.def 2021/03/18 v5.0k Graphics/color driver for xetex
))
\Gin@req@height=\dimen178
\Gin@req@width=\dimen179
) (booktabs.sty
Package: booktabs 2020/01/12 v1.61803398 Publication quality tables
\heavyrulewidth=\dimen180
\lightrulewidth=\dimen181
\cmidrulewidth=\dimen182
\belowrulesep=\dimen183
\belowbottomsep=\dimen184
\aboverulesep=\dimen185
\abovetopsep=\dimen186
\cmidrulesep=\dimen187
\cmidrulekern=\dimen188
\defaultaddspace=\dimen189
\@cmidla=\count312
\@cmidlb=\count313
\@aboverulesep=\dimen190
\@belowrulesep=\dimen191
\@thisruleclass=\count314
\@lastruleclass=\count315
\@thisrulewidth=\dimen192
) (caption.sty
Package: caption 2022/03/01 v3.6b Customizing captions (AR)
 (caption3.sty
Package: caption3 2022/03/17 v2.3b caption3 kernel (AR)
\caption@tempdima=\dimen193
\captionmargin=\dimen194
\caption@leftmargin=\dimen195
\caption@rightmargin=\dimen196
\caption@width=\dimen197
\caption@indent=\dimen198
\caption@parindent=\dimen199
\caption@hangindent=\dimen256
Package caption Info: Standard document class detected.
)
\c@caption@flags=\count316
\c@continuedfloat=\count317
)
(subcaption.sty
Package: subcaption 2022/01/07 v1.5 Sub-captions (AR)
\c@subfigure=\count318
\c@subtable=\count319
) (enumitem.sty
Package: enumitem 2019/06/20 v3.9 Customized lists
\enitkv@toks@=\toks31
\labelindent=\skip58
\enit@outerparindent=\dimen257
\enit@toks=\toks32
\enit@inbox=\box64
\enit@count@id=\count320
\enitdp@description=\count321
) (natbib.sty
Package: natbib 2010/09/13 8.31b (PWD, AO)
\bibhang=\skip59
\bibsep=\skip60
LaTeX Info: Redefining \cite on input line 694.
\c@NAT@ctr=\count322
) (hyperref.sty
Package: hyperref 2022-02-21 v7.00n Hypertext links for LaTeX
 (kvsetkeys.sty
Package: kvsetkeys 2019/12/15 v1.18 Key value parser (HO)
)
(kvdefinekeys.sty
Package: kvdefinekeys 2019-12-19 v1.6 Define keys (HO)
) (pdfescape.sty
Package: pdfescape 2019/12/09 v1.15 Implements pdfTeX's escape features (HO)
) (hycolor.sty
Package: hycolor 2020-01-27 v1.10 Color options for hyperref/bookmark (HO)
) (letltxmacro.sty
Package: letltxmacro 2019/12/03 v1.6 Let assignment for LaTeX macros (HO)
) (auxhook.sty
Package: auxhook 2019-12-17 v1.6 Hooks for auxiliary files (HO)
) (kvoptions.sty
Package: kvoptions 2020-10-07 v3.14 Key value format for package options (HO)
)
\@linkdim=\dimen258
\Hy@linkcounter=\count323
\Hy@pagecounter=\count324
 (pd1enc.def
File: pd1enc.def 2022-02-21 v7.00n Hyperref: PDFDocEncoding definition (HO)
) (intcalc.sty
Package: intcalc 2019/12/15 v1.3 Expandable calculations with integers (HO)
) (etexcmds.sty
Package: etexcmds 2019/12/15 v1.7 Avoid name clashes with e-TeX commands (HO)
)
\Hy@SavedSpaceFactor=\count325
 (puenc.def
File: puenc.def 2022-02-21 v7.00n Hyperref: PDF Unicode definition (HO)
)
Package hyperref Info: Hyper figures OFF on input line 4137.
Package hyperref Info: Link nesting OFF on input line 4142.
Package hyperref Info: Hyper index ON on input line 4145.
Package hyperref Info: Plain pages OFF on input line 4152.
Package hyperref Info: Backreferencing OFF on input line 4157.
Package hyperref Info: Implicit mode ON; LaTeX internals redefined.
Package hyperref Info: Bookmarks ON on input line 4390.
\c@Hy@tempcnt=\count326

(url.sty
\Urlmuskip=\muskip17
Package: url 2013/09/16  ver 3.4  Verb mode for urls, etc.
)
LaTeX Info: Redefining \url on input line 4749.
\XeTeXLinkMargin=\dimen259
Requested font "pzdr" at 0.00002pt
 -> pzdr
 (bitset.sty
Package: bitset 2019/12/09 v1.3 Handle bit-vector datatype (HO)
 (bigintcalc.sty
Package: bigintcalc 2019/12/15 v1.5 Expandable calculations on big integers (HO
)
))
\Fld@menulength=\count327
\Field@Width=\dimen260
\Fld@charsize=\dimen261
Package hyperref Info: Hyper figures OFF on input line 6027.
Package hyperref Info: Link nesting OFF on input line 6032.
Package hyperref Info: Hyper index ON on input line 6035.
Package hyperref Info: backreferencing OFF on input line 6042.
Package hyperref Info: Link coloring OFF on input line 6047.
Package hyperref Info: Link coloring with OCG OFF on input line 6052.
Package hyperref Info: PDF/A mode OFF on input line 6057.
LaTeX Info: Redefining \ref on input line 6097.
LaTeX Info: Redefining \pageref on input line 6101.
 (atbegshi-ltx.sty
Package: atbegshi-ltx 2021/01/10 v1.0c Emulation of the original atbegshi
package with kernel methods
)
\Hy@abspage=\count328
\c@Item=\count329
\c@Hfootnote=\count330
)
Package hyperref Info: Driver (autodetected): hxetex.
 (hxetex.def
File: hxetex.def 2022-02-21 v7.00n Hyperref driver for XeTeX

(stringenc.sty
Package: stringenc 2019/11/29 v1.12 Convert strings between diff. encodings (HO
)
)
\pdfm@box=\box65
\c@Hy@AnnotLevel=\count331
\HyField@AnnotCount=\count332
\Fld@listcount=\count333
\c@bookmark@seq@number=\count334
 (rerunfilecheck.sty
Package: rerunfilecheck 2019/12/05 v1.9 Rerun checks for auxiliary files (HO)
 (atveryend-ltx.sty
Package: atveryend-ltx 2020/08/19 v1.0a Emulation of the original atveryend pac
kage
with kernel methods
) (uniquecounter.sty
Package: uniquecounter 2019/12/15 v1.4 Provide unlimited unique counter (HO)
)
Package uniquecounter Info: New unique counter `rerunfilecheck' on input line 2
86.
)
\Hy@SectionHShift=\skip61
)
Package hyperref Info: Option `colorlinks' set `true' on input line 40.

(cleveref.sty
Package: cleveref 2018/03/27 v0.21.4 Intelligent cross-referencing
Package cleveref Info: `hyperref' support loaded on input line 2370.
LaTeX Info: Redefining \cref on input line 2370.
LaTeX Info: Redefining \Cref on input line 2370.
LaTeX Info: Redefining \crefrange on input line 2370.
LaTeX Info: Redefining \Crefrange on input line 2370.
LaTeX Info: Redefining \cpageref on input line 2370.
LaTeX Info: Redefining \Cpageref on input line 2370.
LaTeX Info: Redefining \cpagerefrange on input line 2370.
LaTeX Info: Redefining \Cpagerefrange on input line 2370.
LaTeX Info: Redefining \labelcref on input line 2370.
LaTeX Info: Redefining \labelcpageref on input line 2370.
) (algorithm2e.sty
Invalid UTF-8 byte or sequence at line 284 replaced by U+FFFD.
Invalid UTF-8 byte or sequence at line 299 replaced by U+FFFD.
Invalid UTF-8 byte or sequence at line 550 replaced by U+FFFD.
Package: algorithm2e 2017/07/18 v5.2 algorithms environments
\c@AlgoLine=\count335
\algocf@hangindent=\skip62
 (ifoddpage.sty
Package: ifoddpage 2016/04/23 v1.1 Conditionals for odd/even page detection
\c@checkoddpage=\count336
) (xspace.sty
Package: xspace 2014/10/28 v1.13 Space after command names (DPC,MH)
) (relsize.sty
Package: relsize 2013/03/29 ver 4.1
)
\skiptotal=\skip63
\skiplinenumber=\skip64
\skiprule=\skip65
\skiphlne=\skip66
\skiptext=\skip67
\skiplength=\skip68
\algomargin=\skip69
\skipalgocfslide=\skip70
\algowidth=\dimen262
\inoutsize=\dimen263
\inoutindent=\dimen264
\interspacetitleruled=\dimen265
\interspacealgoruled=\dimen266
\interspacetitleboxruled=\dimen267
\algocf@ruledwidth=\skip71
\algocf@inoutbox=\box66
\algocf@inputbox=\box67
\AlCapSkip=\skip72
\AlCapHSkip=\skip73
\algoskipindent=\skip74
\algocf@nlbox=\box68
\algocf@hangingbox=\box69
\algocf@untilbox=\box70
\algocf@skipuntil=\skip75
\algocf@capbox=\box71
\algocf@lcaptionbox=\skip76
\algoheightruledefault=\skip77
\algoheightrule=\skip78
\algotitleheightruledefault=\skip79
\algotitleheightrule=\skip80
\c@algocfline=\count337
\c@algocfproc=\count338
\c@algocf=\count339
\algocf@algoframe=\box72
\algocf@algobox=\box73
)
(TeXGyreTermesX.fontspec)
Requested font "[TeXGyreTermesX-Regular.otf]/OT" at 11.99997pt
 -> TeXGyreTermesX-Regular.otf
Requested font "[TeXGyreTermesX-Regular.otf]/OT" at 12.00003pt
 -> TeXGyreTermesX-Regular.otf
Requested font "[TeXGyreTermesX-Regular.otf]/OT:script=latn;language=dflt;" at 
12.00003pt
 -> TeXGyreTermesX-Regular.otf
Requested font "[TeXGyreTermesX-Bold.otf]/OT:script=latn;language=dflt;" at 12.
00003pt
 -> TeXGyreTermesX-Bold.otf
Requested font "[TeXGyreTermesX-Italic.otf]/OT:script=latn;language=dflt;" at 1
2.00003pt
 -> TeXGyreTermesX-Italic.otf
Requested font "[TeXGyreTermesX-Slanted.otf]/OT:script=latn;language=dflt;" at 
12.00003pt
 -> TeXGyreTermesX-Slanted.otf
Requested font "[TeXGyreTermesX-BoldItalic.otf]/OT:script=latn;language=dflt;" 
at 12.00003pt
 -> TeXGyreTermesX-BoldItalic.otf
Requested font "[TeXGyreTermesX-BoldSlanted.otf]/OT:script=latn;language=dflt;"
 at 12.00003pt
 -> TeXGyreTermesX-BoldSlanted.otf

Package fontspec Info: Font family 'TeXGyreTermesX(0)' created for font
(fontspec)             'TeXGyreTermesX' with options [Ligatures = TeX,Scale =
(fontspec)             1,Extension = .otf,SmallCapsFeatures={RawFeature =
(fontspec)             +pcap, },RawFeature=-ss05,Ligatures=TeX,Extension =
(fontspec)             .otf,UprightFont = TeXGyreTermesX-Regular,BoldFont =
(fontspec)             TeXGyreTermesX-Bold,ItalicFont =
(fontspec)             TeXGyreTermesX-Italic,BoldItalicFont =
(fontspec)             TeXGyreTermesX-BoldItalic,SlantedFont =
(fontspec)             *-Slanted,BoldSlantedFont= *-BoldSlanted,Numbers =
(fontspec)             {Monospaced,Lining},UprightFont = *-Regular,ItalicFont
(fontspec)             = *-Italic,BoldFont = *-Bold,BoldItalicFont =
(fontspec)             *-BoldItalic,SlantedFont = *-Slanted,BoldSlantedFont=
(fontspec)             *-BoldSlanted].
(fontspec)              
(fontspec)              This font family consists of the following NFSS
(fontspec)             series/shapes:
(fontspec)              
(fontspec)             - 'normal' (m/n) with NFSS spec.:
(fontspec)             <->s*[1]"[TeXGyreTermesX-Regular.otf]/OT:script=latn;lan
guage=dflt;-ss05;+tnum;+lnum;mapping=tex-text;"
(fontspec)             - 'small caps'  (m/sc) with NFSS spec.:
(fontspec)             <->s*[1]"[TeXGyreTermesX-Regular.otf]/OT:script=latn;lan
guage=dflt;-ss05;+tnum;+lnum;+smcp;+pcap;mapping=tex-text;"
(fontspec)             - 'bold' (b/n) with NFSS spec.:
(fontspec)             <->s*[1]"[TeXGyreTermesX-Bold.otf]/OT:script=latn;langua
ge=dflt;-ss05;+tnum;+lnum;mapping=tex-text;"
(fontspec)             - 'bold small caps'  (b/sc) with NFSS spec.:
(fontspec)             <->s*[1]"[TeXGyreTermesX-Bold.otf]/OT:script=latn;langua
ge=dflt;-ss05;+tnum;+lnum;+smcp;+pcap;mapping=tex-text;"
(fontspec)             - 'italic' (m/it) with NFSS spec.:
(fontspec)             <->s*[1]"[TeXGyreTermesX-Italic.otf]/OT:script=latn;lang
uage=dflt;-ss05;+tnum;+lnum;mapping=tex-text;"
(fontspec)             - 'italic small caps'  (m/scit) with NFSS spec.:
(fontspec)             <->s*[1]"[TeXGyreTermesX-Italic.otf]/OT:script=latn;lang
uage=dflt;-ss05;+tnum;+lnum;+smcp;+pcap;mapping=tex-text;"
(fontspec)             - 'slanted' (m/sl) with NFSS spec.:
(fontspec)             <->s*[1]"[TeXGyreTermesX-Slanted.otf]/OT:script=latn;lan
guage=dflt;-ss05;+tnum;+lnum;mapping=tex-text;"
(fontspec)             - 'slanted small caps'  (m/scsl) with NFSS spec.:
(fontspec)             <->s*[1]"[TeXGyreTermesX-Slanted.otf]/OT:script=latn;lan
guage=dflt;-ss05;+tnum;+lnum;+smcp;+pcap;mapping=tex-text;"
(fontspec)             - 'bold italic' (b/it) with NFSS spec.:
(fontspec)             <->s*[1]"[TeXGyreTermesX-BoldItalic.otf]/OT:script=latn;
language=dflt;-ss05;+tnum;+lnum;mapping=tex-text;"
(fontspec)             - 'bold italic small caps'  (b/scit) with NFSS spec.:
(fontspec)             <->s*[1]"[TeXGyreTermesX-BoldItalic.otf]/OT:script=latn;
language=dflt;-ss05;+tnum;+lnum;+smcp;+pcap;mapping=tex-text;"
(fontspec)             - 'bold slanted' (b/sl) with NFSS spec.:
(fontspec)             <->s*[1]"[TeXGyreTermesX-BoldSlanted.otf]/OT:script=latn
;language=dflt;-ss05;+tnum;+lnum;mapping=tex-text;"
(fontspec)             - 'bold slanted small caps'  (b/scsl) with NFSS spec.:
(fontspec)             <->s*[1]"[TeXGyreTermesX-BoldSlanted.otf]/OT:script=latn
;language=dflt;-ss05;+tnum;+lnum;+smcp;+pcap;mapping=tex-text;"

LaTeX Font Info:    Font shape `TU/TeXGyreTermesX(0)/m/n' will be
(Font)              scaled to size 12.0pt on input line 51.
Requested font "[TeXGyreTermesX-Regular.otf]/OT:script=latn;language=dflt;-ss05
;+tnum;+lnum;mapping=tex-text;" at 12.0pt
 -> TeXGyreTermesX-Regular.otf
Package translations Info: No language package found. I am going to use `englis
h' as default language. on input line 51.
 (main.aux)
\openout1 = `main.aux'.

LaTeX Font Info:    Checking defaults for OML/ntxmi/m/it on input line 51.
LaTeX Font Info:    Trying to load font information for OML+ntxmi on input line
 51.
 (omlntxmi.fd
File: omlntxmi.fd 2015/08/25 Fontinst v1.933 font definitions for OML/ntxmi.
)
LaTeX Font Info:    ... okay on input line 51.
LaTeX Font Info:    Checking defaults for OMS/cmsy/m/n on input line 51.
LaTeX Font Info:    ... okay on input line 51.
LaTeX Font Info:    Checking defaults for OT1/cmr/m/n on input line 51.
LaTeX Font Info:    ... okay on input line 51.
LaTeX Font Info:    Checking defaults for T1/cmr/m/n on input line 51.
LaTeX Font Info:    ... okay on input line 51.
LaTeX Font Info:    Checking defaults for TS1/cmr/m/n on input line 51.
LaTeX Font Info:    Trying to load font information for TS1+cmr on input line 5
1.
 (ts1cmr.fd
File: ts1cmr.fd 2019/12/16 v2.5j Standard LaTeX font definitions
)
LaTeX Font Info:    ... okay on input line 51.
LaTeX Font Info:    Checking defaults for TU/lmr/m/n on input line 51.
LaTeX Font Info:    ... okay on input line 51.
LaTeX Font Info:    Checking defaults for OMX/cmex/m/n on input line 51.
LaTeX Font Info:    ... okay on input line 51.
LaTeX Font Info:    Checking defaults for U/ntxexa/m/n on input line 51.
LaTeX Font Info:    Trying to load font information for U+ntxexa on input line 
51.
 (untxexa.fd
File: untxexa.fd 2012/04/16 Fontinst v1.933 font definitions for U/ntxexa.
)
LaTeX Font Info:    ... okay on input line 51.
LaTeX Font Info:    Checking defaults for LMS/ntxsy/m/n on input line 51.
LaTeX Font Info:    Trying to load font information for LMS+ntxsy on input line
 51.

(lmsntxsy.fd
File: lmsntxsy.fd 2016/07/02 Fontinst v1.933 font definitions for LMS/ntxsy.
)
LaTeX Font Info:    ... okay on input line 51.
LaTeX Font Info:    Checking defaults for LMX/ntxexx/m/n on input line 51.
LaTeX Font Info:    Trying to load font information for LMX+ntxexx on input lin
e 51.
 (lmxntxexx.fd
File: lmxntxexx.fd 2016/07/03 Fontinst v1.933 font definitions for LMX/ntxexx.
)
LaTeX Font Info:    ... okay on input line 51.
LaTeX Font Info:    Checking defaults for PD1/pdf/m/n on input line 51.
LaTeX Font Info:    ... okay on input line 51.
LaTeX Font Info:    Checking defaults for PU/pdf/m/n on input line 51.
LaTeX Font Info:    ... okay on input line 51.
LaTeX Info: Redefining \microtypecontext on input line 51.
Package microtype Info: Applying patch `item' on input line 51.
Package microtype Info: Applying patch `toc' on input line 51.
Package microtype Info: Applying patch `eqnum' on input line 51.
Package microtype Info: Applying patch `footnote' on input line 51.
Package microtype Info: Character protrusion enabled (level 2).
Package microtype Info: Using default protrusion set `alltext'.
Package microtype Info: No adjustment of tracking.
Package microtype Info: No adjustment of spacing.
Package microtype Info: No adjustment of kerning.
Package microtype Info: Loading generic protrusion settings for font family
(microtype)             `TeXGyreTermesX' (encoding: TU).
(microtype)             For optimal results, create family-specific settings.
(microtype)             See the microtype manual for details.

*geometry* driver: auto-detecting
*geometry* detected driver: xetex
*geometry* verbose mode - [ preamble ] result:
* driver: xetex
* paper: <default>
* layout: <same size as paper>
* layoutoffset:(h,v)=(0.0pt,0.0pt)
* modes: 
* h-part:(L,W,R)=(72.26999pt, 469.75502pt, 72.26999pt)
* v-part:(T,H,B)=(72.26999pt, 650.43001pt, 72.26999pt)
* \paperwidth=614.295pt
* \paperheight=794.96999pt
* \textwidth=469.75502pt
* \textheight=650.43001pt
* \oddsidemargin=0.0pt
* \evensidemargin=0.0pt
* \topmargin=-37.0pt
* \headheight=12.0pt
* \headsep=25.0pt
* \topskip=12.0pt
* \footskip=30.0pt
* \marginparwidth=44.0pt
* \marginparsep=10.0pt
* \columnsep=10.0pt
* \skip\footins=10.8pt plus 4.0pt minus 2.0pt
* \hoffset=0.0pt
* \voffset=0.0pt
* \mag=1000
* \@twocolumnfalse
* \@twosidefalse
* \@mparswitchfalse
* \@reversemarginfalse
* (1in=72.27pt=25.4mm, 1cm=28.453pt)

(color.sty
Package: color 2021/12/07 v1.3c Standard LaTeX Color (DPC)
 (color.cfg
File: color.cfg 2016/01/02 v1.6 sample color configuration
)
Package color Info: Driver file: xetex.def on input line 149.
) (translations-basic-dictionary-english.trsl
File: translations-basic-dictionary-english.trsl (english translation file `tra
nslations-basic-dictionary')
)
Package translations Info: loading dictionary `translations-basic-dictionary' f
or `english'. on input line 51.
Package caption Info: Begin \AtBeginDocument code.
Package caption Info: hyperref package is loaded.
Package caption Info: End \AtBeginDocument code.
Package hyperref Info: Link coloring ON on input line 51.

(nameref.sty
Package: nameref 2021-04-02 v2.47 Cross-referencing by name of section
 (refcount.sty
Package: refcount 2019/12/15 v3.6 Data extraction from label references (HO)
) (gettitlestring.sty
Package: gettitlestring 2019/12/15 v1.6 Cleanup title references (HO)
)
\c@section@level=\count340
)
LaTeX Info: Redefining \ref on input line 51.
LaTeX Info: Redefining \pageref on input line 51.
LaTeX Info: Redefining \nameref on input line 51.
 (main.out) (main.out)
\@outlinefile=\write3
\openout3 = `main.out'.

LaTeX Font Info:    Font shape `TU/TeXGyreTermesX(0)/m/n' will be
(Font)              scaled to size 20.74pt on input line 53.
Requested font "[TeXGyreTermesX-Regular.otf]/OT:script=latn;language=dflt;-ss05
;+tnum;+lnum;mapping=tex-text;" at 20.74pt
 -> TeXGyreTermesX-Regular.otf
LaTeX Font Info:    Font shape `TU/TeXGyreTermesX(0)/m/n' will be
(Font)              scaled to size 14.4pt on input line 53.
Requested font "[TeXGyreTermesX-Regular.otf]/OT:script=latn;language=dflt;-ss05
;+tnum;+lnum;mapping=tex-text;" at 14.4pt
 -> TeXGyreTermesX-Regular.otf
LaTeX Font Info:    Trying to load font information for OT1+minntx on input lin
e 53.

(ot1minntx.fd
File: ot1minntx.fd 2022/01/20 v1.0 font definition file for OT1/minntx
)
Requested font "ntx-Regular-tlf-ot1" at 14.4pt
 -> ntx-Regular-tlf-ot1
Package microtype Info: Loading generic protrusion settings for font family
(microtype)             `minntx' (encoding: OT1).
(microtype)             For optimal results, create family-specific settings.
(microtype)             See the microtype manual for details.
Requested font "ntx-Regular-tlf-ot1" at 10.5pt
 -> ntx-Regular-tlf-ot1
Requested font "ntx-Regular-tlf-ot1" at 7.9pt
 -> ntx-Regular-tlf-ot1
Requested font "ntxmi" at 14.4pt
 -> ntxmi
Requested font "ntxmi" at 10.5pt
 -> ntxmi
Requested font "ntxmi7" at 7.9pt
 -> ntxmi7
Requested font "ntxsy" at 14.4pt
 -> ntxsy
Requested font "ntxsy" at 10.5pt
 -> ntxsy
Requested font "ntxsy7" at 7.9pt
 -> ntxsy7
Requested font "ntxexx" at 14.4pt
 -> ntxexx
Requested font "ntxexx" at 10.5pt
 -> ntxexx
Requested font "ntxexx" at 7.9pt
 -> ntxexx
LaTeX Font Info:    Trying to load font information for U+ntxmia on input line 
53.
 (untxmia.fd
File: untxmia.fd 2018/04/14 Fontinst v1.933 font definitions for U/ntxmia.
)
Requested font "ntxmia" at 14.4pt
 -> ntxmia
Requested font "ntxmia" at 10.5pt
 -> ntxmia
Requested font "ntxmia" at 7.9pt
 -> ntxmia
LaTeX Font Info:    Trying to load font information for U+ntxsym on input line 
53.
 (untxsym.fd
File: untxsym.fd 2015/03/20 Fontinst v1.933 font definitions for U/ntxsym.
)
Requested font "ntxsym" at 14.4pt
 -> ntxsym
Requested font "ntxsym" at 10.5pt
 -> ntxsym
Requested font "ntxsym" at 7.9pt
 -> ntxsym
LaTeX Font Info:    Trying to load font information for U+ntxsyc on input line 
53.
 (untxsyc.fd
File: untxsyc.fd 2012/04/12 Fontinst v1.933 font definitions for U/ntxsyc.
)
Requested font "ntxsyc" at 14.4pt
 -> ntxsyc
Requested font "ntxsyc" at 10.5pt
 -> ntxsyc
Requested font "ntxsyc" at 7.9pt
 -> ntxsyc
Requested font "ntxexa" at 14.4pt
 -> ntxexa
Requested font "ntxexa" at 10.5pt
 -> ntxexa
Requested font "ntxexa" at 7.9pt
 -> ntxexa
Requested font "[lmmono12-regular]:" at 14.4pt
 -> lmmono12-regular
Package microtype Info: Loading generic protrusion settings for font family
(microtype)             `lmtt' (encoding: TU).
(microtype)             For optimal results, create family-specific settings.
(microtype)             See the microtype manual for details.
LaTeX Font Info:    Font shape `TU/TeXGyreTermesX(0)/m/n' will be
(Font)              scaled to size 10.95pt on input line 54.
Requested font "[TeXGyreTermesX-Regular.otf]/OT:script=latn;language=dflt;-ss05
;+tnum;+lnum;mapping=tex-text;" at 10.95pt
 -> TeXGyreTermesX-Regular.otf
LaTeX Font Info:    Font shape `TU/TeXGyreTermesX(0)/b/n' will be
(Font)              scaled to size 10.95pt on input line 54.
Requested font "[TeXGyreTermesX-Bold.otf]/OT:script=latn;language=dflt;-ss05;+t
num;+lnum;mapping=tex-text;" at 10.95pt
 -> TeXGyreTermesX-Bold.otf
LaTeX Font Info:    Font shape `TU/TeXGyreTermesX(0)/b/n' will be
(Font)              scaled to size 12.0pt on input line 58.
Requested font "[TeXGyreTermesX-Bold.otf]/OT:script=latn;language=dflt;-ss05;+t
num;+lnum;mapping=tex-text;" at 12.0pt
 -> TeXGyreTermesX-Bold.otf
 (sections/introduction
LaTeX Font Info:    Font shape `TU/TeXGyreTermesX(0)/m/n' will be
(Font)              scaled to size 17.28pt on input line 2.
Requested font "[TeXGyreTermesX-Regular.otf]/OT:script=latn;language=dflt;-ss05
;+tnum;+lnum;mapping=tex-text;" at 17.28pt
 -> TeXGyreTermesX-Regular.otf
LaTeX Font Info:    Font shape `TU/TeXGyreTermesX(0)/b/n' will be
(Font)              scaled to size 17.28pt on input line 2.
Requested font "[TeXGyreTermesX-Bold.otf]/OT:script=latn;language=dflt;-ss05;+t
num;+lnum;mapping=tex-text;" at 17.28pt
 -> TeXGyreTermesX-Bold.otf

[1

]
Overfull \hbox (22.76103pt too wide) in paragraph at lines 13--14
\TU/TeXGyreTermesX(0)/m/n/12 operator-splitting, interior-point and augmented L
agrangian, and stochastic/variance-reduced methods—
 []

) (sections/background
Requested font "ntx-Regular-tlf-ot1" at 12.0pt
 -> ntx-Regular-tlf-ot1
Requested font "ntx-Regular-tlf-ot1" at 8.8pt
 -> ntx-Regular-tlf-ot1
Requested font "ntx-Regular-tlf-ot1" at 6.6pt
 -> ntx-Regular-tlf-ot1
Requested font "ntxmi" at 12.0pt
 -> ntxmi
Requested font "ntxmi" at 8.8pt
 -> ntxmi
Requested font "ntxmi7" at 6.6pt
 -> ntxmi7
Requested font "ntxsy" at 12.0pt
 -> ntxsy
Requested font "ntxsy" at 8.8pt
 -> ntxsy
Requested font "ntxsy7" at 6.6pt
 -> ntxsy7
Requested font "ntxexx" at 12.0pt
 -> ntxexx
Requested font "ntxexx" at 8.8pt
 -> ntxexx
Requested font "ntxexx" at 6.6pt
 -> ntxexx
Requested font "ntxmia" at 12.0pt
 -> ntxmia
Requested font "ntxmia" at 8.8pt
 -> ntxmia
Requested font "ntxmia" at 6.6pt
 -> ntxmia
Requested font "ntxsym" at 12.0pt
 -> ntxsym
Requested font "ntxsym" at 8.8pt
 -> ntxsym
Requested font "ntxsym" at 6.6pt
 -> ntxsym
Requested font "ntxsyc" at 12.0pt
 -> ntxsyc
Requested font "ntxsyc" at 8.8pt
 -> ntxsyc
Requested font "ntxsyc" at 6.6pt
 -> ntxsyc
Requested font "ntxexa" at 12.0pt
 -> ntxexa
Requested font "ntxexa" at 8.8pt
 -> ntxexa
Requested font "ntxexa" at 6.6pt
 -> ntxexa
LaTeX Font Info:    Font shape `TU/TeXGyreTermesX(0)/m/n' will be
(Font)              scaled to size 8.8pt on input line 6.
Requested font "[TeXGyreTermesX-Regular.otf]/OT:script=latn;language=dflt;-ss05
;+tnum;+lnum;mapping=tex-text;" at 8.8pt
 -> TeXGyreTermesX-Regular.otf
LaTeX Font Info:    Font shape `TU/TeXGyreTermesX(0)/m/n' will be
(Font)              scaled to size 6.6pt on input line 6.
Requested font "[TeXGyreTermesX-Regular.otf]/OT:script=latn;language=dflt;-ss05
;+tnum;+lnum;mapping=tex-text;" at 6.6pt
 -> TeXGyreTermesX-Regular.otf
 [2]) (sections/methods
Overfull \hbox (0.4914pt too wide) in paragraph at lines 2--2
[]\TU/TeXGyreTermesX(0)/b/n/17.28 Algorithms for Unconstrained and Constrained 
Optimization 
 []

LaTeX Font Info:    Font shape `TU/TeXGyreTermesX(0)/b/n' will be
(Font)              scaled to size 14.4pt on input line 5.
Requested font "[TeXGyreTermesX-Bold.otf]/OT:script=latn;language=dflt;-ss05;+t
num;+lnum;mapping=tex-text;" at 14.4pt
 -> TeXGyreTermesX-Bold.otf
[3]) (sections/convergence [4]) (sections/large_scale
Overfull \hbox (10.616pt too wide) in paragraph at lines 10--11
 []\TU/TeXGyreTermesX(0)/b/n/12 Distributed methods.[] \TU/TeXGyreTermesX(0)/m/
n/12 ADMM and distributed proximal gradient exploit separability for data/model

 []

) (sections/experiments [5]
LaTeX Font Info:    Font shape `TU/TeXGyreTermesX(0)/m/it' will be
(Font)              scaled to size 12.0pt on input line 15.
Requested font "[TeXGyreTermesX-Italic.otf]/OT:script=latn;language=dflt;-ss05;
+tnum;+lnum;mapping=tex-text;" at 12.0pt
 -> TeXGyreTermesX-Italic.otf
Requested font "[lmmono12-regular]:" at 12.0pt
 -> lmmono12-regular
) (sections/discussion
Overfull \hbox (179.67305pt too wide) in paragraph at lines 10--22
 [][] 
 []

) (sections/conclusion [6])
Overfull \hbox (0.749pt too wide) in paragraph at lines 4--69
\TU/TeXGyreTermesX(0)/m/n/12 We surveyed advanced numerical optimization method
s spanning first- and second-order techniques,
 []

[7] (main.bbl
LaTeX Font Info:    Font shape `TU/TeXGyreTermesX(0)/m/it' will be
(Font)              scaled to size 10.95pt on input line 12.
Requested font "[TeXGyreTermesX-Italic.otf]/OT:script=latn;language=dflt;-ss05;
+tnum;+lnum;mapping=tex-text;" at 10.95pt
 -> TeXGyreTermesX-Italic.otf
 [8

]) [9] (sections/appendix) [10

] (main.aux)
Package rerunfilecheck Info: File `main.out' has not changed.
(rerunfilecheck)             Checksum: 1BC5CA6DBD7237DE3313F6298D6A9FD3;3665.
 )
Output written on main.xdv (10 pages, 166084 bytes).
